Added Component: Designator=C1(0402 Capacitor, IPC High)
Add component. Clean all parameters for all variants
Add component (AddParameter): Name = "Rockford Part Number"; Value = "1425-70000"; VariantName = "[No Variations]"
Add component (AddParameter): Name = "Tolerance"; Value = "10%"; VariantName = "[No Variations]"
Add component (AddParameter): Name = "Value"; Value = "100nF"; VariantName = "[No Variations]"
Added Component: Designator=R5(0402 Resistor, IPC High)
Add component. Clean all parameters for all variants
Add component (AddParameter): Name = "Rockford Part Number"; Value = "1450-70006"; VariantName = "[No Variations]"
Add component (AddParameter): Name = "Tolerance"; Value = "1%"; VariantName = "[No Variations]"
Add component (AddParameter): Name = "Value"; Value = "10k"; VariantName = "[No Variations]"
Added Component: Designator=R6(0402 Resistor, IPC High)
Add component. Clean all parameters for all variants
Add component (AddParameter): Name = "Rockford Part Number"; Value = "1450-70006"; VariantName = "[No Variations]"
Add component (AddParameter): Name = "Tolerance"; Value = "1%"; VariantName = "[No Variations]"
Add component (AddParameter): Name = "Value"; Value = "10k"; VariantName = "[No Variations]"
Added Component: Designator=U2(8-SOP)
Add component. Clean all parameters for all variants
Add component (AddParameter): Name = "Rockford Part Number"; Value = "1280-73358"; VariantName = "[No Variations]"
Add component (AddParameter): Name = "Tolerance"; Value = ""; VariantName = "[No Variations]"
Add component (AddParameter): Name = "Value"; Value = "IS25LP08D"; VariantName = "[No Variations]"
Added Pin To Net: NetName=MCU_3.3VD Pin=C1-1
Added Pin To Net: NetName=DGND Pin=C1-2
Added Pin To Net: NetName=MCU_3.3VD Pin=R5-1
Added Pin To Net: NetName=NetR5_2 Pin=R5-2
Added Pin To Net: NetName=MCU_3.3VD Pin=R6-1
Added Pin To Net: NetName=NetR6_2 Pin=R6-2
Added Pin To Net: NetName=MCU_SPI_-CS_MEM Pin=U2-1
Added Pin To Net: NetName=MCU_SPI_MISO Pin=U2-2
Added Pin To Net: NetName=NetR6_2 Pin=U2-3
Added Pin To Net: NetName=DGND Pin=U2-4
Added Pin To Net: NetName=MCU_SPI_MOSI Pin=U2-5
Added Pin To Net: NetName=MCU_SPI_SCLK Pin=U2-6
Added Pin To Net: NetName=NetR5_2 Pin=U2-7
Added Pin To Net: NetName=MCU_3.3VD Pin=U2-8
Added Member To Class: ClassName=Main_Schematic Member=Component C1 CAP CER 0.1UF 25V X7R 0402
Added Member To Class: ClassName=Main_Schematic Member=Component R5 RES SMD 10K OHM 1% 1/16W 0402
Added Member To Class: ClassName=Main_Schematic Member=Component R6 RES SMD 10K OHM 1% 1/16W 0402
Added Member To Class: ClassName=Main_Schematic Member=Component U2 IC FLASH 8M SPI 133MHZ 8SOIC
Added Room: Name=Main_Schematic
