Added Component: Designator=C1(0402 Capacitor, IPC High)
Add component. Clean all parameters for all variants
Add component (AddParameter): Name = "Rockford Part Number"; Value = "1425-70000"; VariantName = "[No Variations]"
Add component (AddParameter): Name = "Tolerance"; Value = "10%"; VariantName = "[No Variations]"
Add component (AddParameter): Name = "Value"; Value = "100nF"; VariantName = "[No Variations]"
Added Component: Designator=R5(0402 Resistor, IPC High)
Add component. Clean all parameters for all variants
Add component (AddParameter): Name = "Rockford Part Number"; Value = "1450-70006"; VariantName = "[No Variations]"
Add component (AddParameter): Name = "Tolerance"; Value = "1%"; VariantName = "[No Variations]"
Add component (AddParameter): Name = "Value"; Value = "10k"; VariantName = "[No Variations]"
Added Component: Designator=R6(0402 Resistor, IPC High)
Add component. Clean all parameters for all variants
Add component (AddParameter): Name = "Rockford Part Number"; Value = "1450-70006"; VariantName = "[No Variations]"
Add component (AddParameter): Name = "Tolerance"; Value = "1%"; VariantName = "[No Variations]"
Add component (AddParameter): Name = "Value"; Value = "10k"; VariantName = "[No Variations]"
Added Component: Designator=U2(8-SOP)
Add component. Clean all parameters for all variants
Add component (AddParameter): Name = "Rockford Part Number"; Value = "1280-73358"; VariantName = "[No Variations]"
Add component (AddParameter): Name = "Tolerance"; Value = ""; VariantName = "[No Variations]"
Add component (AddParameter): Name = "Value"; Value = "IS25LP08D"; VariantName = "[No Variations]"
Added Net: Name=DGND
Added Net: Name=MCU_3.3VD
Added Net: Name=MCU_SPI_-CS_MEM
Added Net: Name=MCU_SPI_MISO
Added Net: Name=MCU_SPI_MOSI
Added Net: Name=MCU_SPI_SCLK
Added Net: Name=NetR5_2
Added Net: Name=NetR6_2
